<?xml version="1.0" encoding="UTF-8"?>
<!-- Generated by org.testng.reporters.JUnitReportReporter -->
<testsuite skipped="0" hostname="Admin-PC" name="allTests.UsefulLinksTests_5" tests="6" failures="0" timestamp="16 Oct 2022 07:49:13 GMT" time="231.767" errors="0">
  <testcase name="verifyPlacementButtonClickable_6" time="34.695" classname="allTests.UsefulLinksTests_5"/>
  <testcase name="verifySeleniumInterviewButtonClickable_3" time="33.021" classname="allTests.UsefulLinksTests_5"/>
  <testcase name="verifyCoursesButtonClickable_5" time="46.546" classname="allTests.UsefulLinksTests_5"/>
  <testcase name="verifyJavaInterviewButtonClickable_4" time="30.568" classname="allTests.UsefulLinksTests_5"/>
  <testcase name="verifyVideoLecturesButtonClickable_2" time="40.738" classname="allTests.UsefulLinksTests_5"/>
  <testcase name="verifyScheduleButtonClickable_1" time="46.199" classname="allTests.UsefulLinksTests_5"/>
</testsuite> <!-- allTests.UsefulLinksTests_5 -->
