<?xml version="1.0" encoding="UTF-8"?>
<!-- Generated by org.testng.reporters.JUnitReportReporter -->
<testsuite skipped="0" hostname="Admin-PC" name="allTests.OperatorsTests_4" tests="5" failures="0" timestamp="16 Oct 2022 07:49:13 GMT" time="132.824" errors="0">
  <testcase name="verifyOperatorsWithWhatsAppOnly_1" time="29.777" classname="allTests.OperatorsTests_4"/>
  <testcase name="verifyWaysOfContactOfNeelamSeemaVarsha_2" time="23.729" classname="allTests.OperatorsTests_4"/>
  <testcase name="verifyAdministrationOperator_4" time="27.101" classname="allTests.OperatorsTests_4"/>
  <testcase name="verifyInquiryOperator_5" time="23.437" classname="allTests.OperatorsTests_4"/>
  <testcase name="verifyOperatorAvailableOnSuday_3" time="28.780" classname="allTests.OperatorsTests_4"/>
</testsuite> <!-- allTests.OperatorsTests_4 -->
