<?xml version="1.0" encoding="UTF-8"?>
<!-- Generated by org.testng.reporters.JUnitReportReporter -->
<testsuite skipped="0" hostname="Admin-PC" name="allTests.LoginTest_1" tests="6" failures="0" timestamp="16 Oct 2022 07:49:13 GMT" time="53.252" errors="0">
  <testcase name="verifyRegisterBlankPassError_4" time="9.058" classname="allTests.LoginTest_1"/>
  <testcase name="verifyRegisterBlankEmailError_5" time="8.180" classname="allTests.LoginTest_1"/>
  <testcase name="verifyRegisterInvalidEmailError_6" time="7.618" classname="allTests.LoginTest_1"/>
  <testcase name="verifyTitleOfHomePage_1" time="9.527" classname="allTests.LoginTest_1"/>
  <testcase name="verifyRegisterLink_2" time="7.448" classname="allTests.LoginTest_1"/>
  <testcase name="verifyRegistrationAlertmsg_3" time="11.421" classname="allTests.LoginTest_1"/>
</testsuite> <!-- allTests.LoginTest_1 -->
