<?xml version="1.0" encoding="UTF-8"?>
<!-- Generated by org.testng.reporters.JUnitReportReporter -->
<testsuite skipped="0" hostname="Admin-PC" name="allTests.DashboardTest_2" tests="5" failures="0" timestamp="16 Oct 2022 07:49:13 GMT" time="149.751" errors="0">
  <testcase name="verifyDataScienceAfterPython_4" time="35.167" classname="allTests.DashboardTest_2"/>
  <testcase name="verifyUserPageLink_1" time="38.737" classname="allTests.DashboardTest_2"/>
  <testcase name="verifySoftwareDevelopmentAfterJava_3" time="27.318" classname="allTests.DashboardTest_2"/>
  <testcase name="verifyWebDevelopmentAfterPhp_5" time="23.890" classname="allTests.DashboardTest_2"/>
  <testcase name="verifyAutomationAfterSelenium_2" time="24.639" classname="allTests.DashboardTest_2"/>
</testsuite> <!-- allTests.DashboardTest_2 -->
