<?xml version="1.0" encoding="UTF-8"?>
<!-- Generated by org.testng.reporters.JUnitReportReporter -->
<testsuite skipped="0" hostname="Admin-PC" name="LoginTest_1" tests="3" failures="0" timestamp="08 Oct 2022 14:02:32 GMT" time="21.658" errors="0">
  <testcase name="verifyRegisterLink_2" time="5.864" classname="LoginTest_1"/>
  <testcase name="verifyRegistrationAlertmsg_3" time="9.268" classname="LoginTest_1"/>
  <testcase name="verifyTitleOfHomePage_1" time="6.526" classname="LoginTest_1"/>
</testsuite> <!-- LoginTest_1 -->
