<?xml version="1.0" encoding="UTF-8"?>
<!-- Generated by org.testng.reporters.JUnitReportReporter -->
<testsuite skipped="0" hostname="Admin-PC" name="DashboardTest_2" tests="5" failures="0" timestamp="08 Oct 2022 14:00:21 GMT" time="46.930" errors="0">
  <testcase name="verifyWebDevelopmentAfterPhp_5" time="9.588" classname="DashboardTest_2"/>
  <testcase name="verifyAutomationAfterSelenium_2" time="8.660" classname="DashboardTest_2"/>
  <testcase name="verifySoftwareDevelopmentAfterJava_3" time="10.431" classname="DashboardTest_2"/>
  <testcase name="verifyUserPageLink_1" time="9.605" classname="DashboardTest_2"/>
  <testcase name="verifyDataScienceAfterPython_4" time="8.646" classname="DashboardTest_2"/>
</testsuite> <!-- DashboardTest_2 -->
